<?xml version="1.0" encoding="UTF-8"?>
<!-- Generated by org.testng.reporters.JUnitXMLReporter -->
<testsuite hostname="DESKTOP-JEV6767" ignored="0" name="Registration Form" tests="5" failures="0" timestamp="17 Dec 2020 07:19:19 GMT" time="58.948" errors="0">
  <testcase name="verifyContactsPageLabel" time="0.033" classname="arbormetrix.testcases.RegistrationTest"/>
  <testcase name="verifyFieldsArePresent" time="0.344" classname="arbormetrix.testcases.RegistrationTest"/>
  <testcase name="validatingStudentReistration" time="3.269" classname="arbormetrix.testcases.RegistrationTest"/>
  <testcase name="validatingStudentReistration" time="3.185" classname="arbormetrix.testcases.RegistrationTest"/>
  <testcase name="verifyCourseIsPresentFromDropDownList" time="0.138" classname="arbormetrix.testcases.RegistrationTest"/>
</testsuite> <!-- Registration Form -->
