<?xml version="1.0" encoding="UTF-8"?>
<!-- Generated by org.testng.reporters.JUnitXMLReporter -->
<testsuite hostname="DESKTOP-JEV6767" ignored="0" name="Default test" tests="5" failures="0" timestamp="17 Dec 2020 06:29:02 GMT" time="167.22" errors="0">
  <testcase name="verifyContactsPageLabel" time="0.075" classname="arbormetrix.testcases.RegistrationTest"/>
  <testcase name="verifyFieldsArePresent" time="0.719" classname="arbormetrix.testcases.RegistrationTest"/>
  <testcase name="validatingStudentReistration" time="14.116" classname="arbormetrix.testcases.RegistrationTest"/>
  <testcase name="validatingStudentReistration" time="14.03" classname="arbormetrix.testcases.RegistrationTest"/>
  <testcase name="verifyCourseIsPresentFromDropDownList" time="0.178" classname="arbormetrix.testcases.RegistrationTest"/>
</testsuite> <!-- Default test -->
